79812 	   SPACE
19 	 ! EXCLAMATION MARK
2 	 % PERCENT SIGN
851 	 ( LEFT PARENTHESIS
909 	 ) RIGHT PARENTHESIS
8 	 * ASTERISK
17 	 + PLUS SIGN
2 	 , COMMA
1241 	 - HYPHEN-MINUS
4740 	 . FULL STOP
244 	 / SOLIDUS
693 	 : COLON
2 	 < LESS-THAN SIGN
11 	 = EQUALS SIGN
1 	 > GREATER-THAN SIGN
73 	 ? QUESTION MARK
51 	 [ LEFT SQUARE BRACKET
50 	 ] RIGHT SQUARE BRACKET
2 	 _ LOW LINE
2 	 ` GRAVE ACCENT
2 	 | VERTICAL LINE
443 	 « LEFT-POINTING DOUBLE ANGLE QUOTATION MARK
427 	 » RIGHT-POINTING DOUBLE ANGLE QUOTATION MARK
3 	 × MULTIPLICATION SIGN
3627 	 ، ARABIC COMMA
41 	 ؛ ARABIC SEMICOLON
10 	 ؟ ARABIC QUESTION MARK
1209 	 ء ARABIC LETTER HAMZA
330 	 آ ARABIC LETTER ALEF WITH MADDA ABOVE
2003 	 أ ARABIC LETTER ALEF WITH HAMZA ABOVE
532 	 ؤ ARABIC LETTER WAW WITH HAMZA ABOVE
449 	 إ ARABIC LETTER ALEF WITH HAMZA BELOW
1386 	 ئ ARABIC LETTER YEH WITH HAMZA ABOVE
61011 	 ا ARABIC LETTER ALEF
12091 	 ب ARABIC LETTER BEH
11220 	 ة ARABIC LETTER TEH MARBUTA
14164 	 ت ARABIC LETTER TEH
2113 	 ث ARABIC LETTER THEH
4929 	 ج ARABIC LETTER JEEM
5982 	 ح ARABIC LETTER HAH
2716 	 خ ARABIC LETTER KHAH
10467 	 د ARABIC LETTER DAL
2893 	 ذ ARABIC LETTER THAL
15910 	 ر ARABIC LETTER REH
1938 	 ز ARABIC LETTER ZAIN
8031 	 س ARABIC LETTER SEEN
3054 	 ش ARABIC LETTER SHEEN
3784 	 ص ARABIC LETTER SAD
1971 	 ض ARABIC LETTER DAD
2784 	 ط ARABIC LETTER TAH
984 	 ظ ARABIC LETTER ZAH
12049 	 ع ARABIC LETTER AIN
1280 	 غ ARABIC LETTER GHAIN
2191 	 ـ ARABIC TATWEEL
9185 	 ف ARABIC LETTER FEH
7440 	 ق ARABIC LETTER QAF
5765 	 ك ARABIC LETTER KAF
40999 	 ل ARABIC LETTER LAM
21129 	 م ARABIC LETTER MEEM
18525 	 ن ARABIC LETTER NOON
9949 	 ه ARABIC LETTER HEH
18637 	 و ARABIC LETTER WAW
2848 	 ى ARABIC LETTER ALEF MAKSURA
25189 	 ي ARABIC LETTER YEH
1253 	 ً ARABIC FATHATAN
2 	 َ ARABIC FATHA
2 	 ُ ARABIC DAMMA
1 	 ِ ARABIC KASRA
2 	 ّ ARABIC SHADDA
680 	 ٠ ARABIC-INDIC DIGIT ZERO
2083 	 ١ ARABIC-INDIC DIGIT ONE
1046 	 ٢ ARABIC-INDIC DIGIT TWO
910 	 ٣ ARABIC-INDIC DIGIT THREE
815 	 ٤ ARABIC-INDIC DIGIT FOUR
928 	 ٥ ARABIC-INDIC DIGIT FIVE
713 	 ٦ ARABIC-INDIC DIGIT SIX
498 	 ٧ ARABIC-INDIC DIGIT SEVEN
554 	 ٨ ARABIC-INDIC DIGIT EIGHT
996 	 ٩ ARABIC-INDIC DIGIT NINE
6 	 ٪ ARABIC PERCENT SIGN
2 	 پ ARABIC LETTER PEH
2 	 ڤ ARABIC LETTER VEH
760 	 ک ARABIC LETTER KEHEH
4 	 ڪ ARABIC LETTER SWASH KAF
52 	 ھ ARABIC LETTER HEH DOACHASHMEE
3 	 ہ ARABIC LETTER HEH GOAL
2 	 ۃ ARABIC LETTER TEH MARBUTA GOAL
1 	 ۇ ARABIC LETTER U
827 	 ی ARABIC LETTER FARSI YEH
5 	 ۍ ARABIC LETTER YEH WITH TAIL
1 	 ې ARABIC LETTER E
2 	 ۔ ARABIC FULL STOP
6 	 ە ARABIC LETTER AE
39 	 ‌ ZERO WIDTH NON-JOINER
31 	 ‎ LEFT-TO-RIGHT MARK
339 	 ‏ RIGHT-TO-LEFT MARK
4 	 — EM DASH
2 	 ‘ LEFT SINGLE QUOTATION MARK
2 	 √ SQUARE ROOT
21 	 ❊ EIGHT TEARDROP-SPOKED PROPELLER ASTERISK
